Using pre-set license
Built from '2020.3/staging' branch; Version is '2020.3.19f1 (68f137dc9bbe) revision 6877495'; Using compiler version '192528614'; Build Type 'Release'
OS: 'Windows 10 Home; OS build 19042.1165; Version 2009; 64bit' Language: 'en' Physical Memory: 7880 MB
BatchMode: 1, IsHumanControllingUs: 0, StartBugReporterOnCrash: 0, Is64bit: 1, IsPro: 0

COMMAND LINE ARGUMENTS:
C:\Program Files\Unity\Hub\Editor\2020.3.19f1\Editor\Unity.exe
-adb2
-batchMode
-noUpm
-name
AssetImportWorker0
-projectPath
C:/Users/Karl/Desktop/Official Ninja Game files
-logFile
Logs/AssetImportWorker0.log
-srvPort
55652
Successfully changed project path to: C:/Users/Karl/Desktop/Official Ninja Game files
C:/Users/Karl/Desktop/Official Ninja Game files
Using Asset Import Pipeline V2.
Refreshing native plugins compatible for Editor in 193.43 ms, found 2 plugins.
Preloading 0 native plugins for Editor in 0.00 ms.
Initialize engine version: 2020.3.19f1 (68f137dc9bbe)
[Subsystems] Discovering subsystems at path C:/Program Files/Unity/Hub/Editor/2020.3.19f1/Editor/Data/Resources/UnitySubsystems
[Subsystems] Discovering subsystems at path C:/Users/Karl/Desktop/Official Ninja Game files/Assets
GfxDevice: creating device client; threaded=0
Direct3D:
    Version:  Direct3D 11.0 [level 11.1]
    Renderer: Intel(R) UHD Graphics (ID=0x8a56)
    Vendor:   
    VRAM:     3940 MB
    Driver:   26.20.100.7926
Initialize mono
Mono path[0] = 'C:/Program Files/Unity/Hub/Editor/2020.3.19f1/Editor/Data/Managed'
Mono path[1] = 'C:/Program Files/Unity/Hub/Editor/2020.3.19f1/Editor/Data/MonoBleedingEdge/lib/mono/unityjit'
Mono config path = 'C:/Program Files/Unity/Hub/Editor/2020.3.19f1/Editor/Data/MonoBleedingEdge/etc'
Using monoOptions --debugger-agent=transport=dt_socket,embedding=1,server=y,suspend=n,address=127.0.0.1:56128
Begin MonoManager ReloadAssembly
Registering precompiled unity dll's ...
Register platform support module: C:/Program Files/Unity/Hub/Editor/2020.3.19f1/Editor/Data/PlaybackEngines/WindowsStandaloneSupport/UnityEditor.WindowsStandalone.Extensions.dll
Registered in 0.004403 seconds.
Native extension for WindowsStandalone target not found
Refreshing native plugins compatible for Editor in 160.97 ms, found 2 plugins.
Preloading 0 native plugins for Editor in 0.00 ms.
Mono: successfully reloaded assembly
- Completed reload, in 10.472 seconds
Domain Reload Profiling:
	ReloadAssembly (10473ms)
		BeginReloadAssembly (126ms)
			ExecutionOrderSort (0ms)
			DisableScriptedObjects (0ms)
			BackupInstance (0ms)
			ReleaseScriptingObjects (0ms)
			CreateAndSetChildDomain (2ms)
		EndReloadAssembly (1078ms)
			LoadAssemblies (122ms)
			RebuildTransferFunctionScriptingTraits (0ms)
			SetupTypeCache (321ms)
			ReleaseScriptCaches (0ms)
			RebuildScriptCaches (80ms)
			SetupLoadedEditorAssemblies (478ms)
				LogAssemblyErrors (0ms)
				InitializePlatformSupportModulesInManaged (9ms)
				SetLoadedEditorAssemblies (1ms)
				RefreshPlugins (161ms)
				BeforeProcessingInitializeOnLoad (24ms)
				ProcessInitializeOnLoadAttributes (213ms)
				ProcessInitializeOnLoadMethodAttributes (70ms)
				AfterProcessingInitializeOnLoad (0ms)
				EditorAssembliesLoaded (0ms)
			ExecutionOrderSort2 (0ms)
			AwakeInstancesAfterBackupRestoration (0ms)
Platform modules already initialized, skipping
Registering precompiled user dll's ...
Registered in 0.009642 seconds.
Begin MonoManager ReloadAssembly
Native extension for WindowsStandalone target not found
Refreshing native plugins compatible for Editor in 2.12 ms, found 2 plugins.
Preloading 0 native plugins for Editor in 0.00 ms.
Mono: successfully reloaded assembly
- Completed reload, in  6.995 seconds
Domain Reload Profiling:
	ReloadAssembly (6997ms)
		BeginReloadAssembly (310ms)
			ExecutionOrderSort (0ms)
			DisableScriptedObjects (13ms)
			BackupInstance (0ms)
			ReleaseScriptingObjects (0ms)
			CreateAndSetChildDomain (34ms)
		EndReloadAssembly (6548ms)
			LoadAssemblies (188ms)
			RebuildTransferFunctionScriptingTraits (0ms)
			SetupTypeCache (595ms)
			ReleaseScriptCaches (1ms)
			RebuildScriptCaches (98ms)
			SetupLoadedEditorAssemblies (5429ms)
				LogAssemblyErrors (0ms)
				InitializePlatformSupportModulesInManaged (11ms)
				SetLoadedEditorAssemblies (1ms)
				RefreshPlugins (2ms)
				BeforeProcessingInitializeOnLoad (127ms)
				ProcessInitializeOnLoadAttributes (5265ms)
				ProcessInitializeOnLoadMethodAttributes (10ms)
				AfterProcessingInitializeOnLoad (12ms)
				EditorAssembliesLoaded (1ms)
			ExecutionOrderSort2 (0ms)
			AwakeInstancesAfterBackupRestoration (20ms)
Platform modules already initialized, skipping
========================================================================
Worker process is ready to serve import requests
Launched and connected shader compiler UnityShaderCompiler.exe after 0.13 seconds
Refreshing native plugins compatible for Editor in 2.18 ms, found 2 plugins.
Preloading 0 native plugins for Editor in 0.00 ms.
Unloading 1668 Unused Serialized files (Serialized files now loaded: 0)
System memory in use before: 74.4 MB.
System memory in use after: 74.5 MB.

Unloading 120 unused Assets to reduce memory usage. Loaded Objects now: 2005.
Total: 5.762200 ms (FindLiveObjects: 0.252000 ms CreateObjectMapping: 0.138400 ms MarkObjects: 5.210200 ms  DeleteObjects: 0.159500 ms)

AssetImportParameters requested are different than current active one (requested -> active):
  custom:framework-win-MediaFoundation: 216162199b28c13a410421893ffa2e32 -> 
  custom:video-decoder-ogg-theora: a1e56fd34408186e4bbccfd4996cb3dc -> 
  custom:container-muxer-webm: aa71ff27fc2769a1b78a27578f13a17b -> 
  custom:container-demuxer-webm: 4f35f7cbe854078d1ac9338744f61a02 -> 
  custom:container-demuxer-ogg: 62fdf1f143b41e24485cea50d1cbac27 -> 
  custom:video-encoder-webm-vp8: eb34c28f22e8b96e1ab97ce403110664 -> 
  custom:video-decoder-webm-vp8: 9c59270c3fd7afecdb556c50c9e8de78 -> 
  custom:audio-decoder-ogg-vorbis: bf7c407c2cedff20999df2af8eb42d56 -> 
  custom:audio-encoder-webm-vorbis: bf7c407c2cedff20999df2af8eb42d56 -> 
========================================================================
Received Import Request.
  path: Assets/MovingPlatform.prefab
  artifactKey: Guid(340543a79d9adf64fb686a81a79e1e7c) Importer(815301076,1909f56bfc062723c751e8b465ee728b)
Start importing Assets/MovingPlatform.prefab using Guid(340543a79d9adf64fb686a81a79e1e7c) Importer(815301076,1909f56bfc062723c751e8b465ee728b)  -> (artifact id: 'a0b5df376b92fee96f3ce0ad2c6f1613') in 0.104578 seconds 
  Import took 0.110225 seconds .

========================================================================
Received Import Request.
  Time since last request: 0.000441 seconds.
  path: Assets/NewLevl04map.psd
  artifactKey: Guid(2ca42376320cdc34fbefb708145cacf4) Importer(815301076,1909f56bfc062723c751e8b465ee728b)
Start importing Assets/NewLevl04map.psd using Guid(2ca42376320cdc34fbefb708145cacf4) Importer(815301076,1909f56bfc062723c751e8b465ee728b)  -> (artifact id: 'd8e6a86d76ea75d4ae035207340e9fd5') in 0.147676 seconds 
  Import took 0.153167 seconds .

========================================================================
Received Import Request.
  Time since last request: 0.000474 seconds.
  path: Assets/MainMenu.unity
  artifactKey: Guid(6ea09f3adece3b245920e2104361eeba) Importer(815301076,1909f56bfc062723c751e8b465ee728b)
Start importing Assets/MainMenu.unity using Guid(6ea09f3adece3b245920e2104361eeba) Importer(815301076,1909f56bfc062723c751e8b465ee728b)  -> (artifact id: '3f44021aff23275b8f480c62c9749d54') in 0.005209 seconds 
  Import took 0.011889 seconds .

========================================================================
Received Import Request.
  Time since last request: 0.000552 seconds.
  path: Assets/LevelSelect.unity
  artifactKey: Guid(e17b63351fc7b48409581e7eabc7a48d) Importer(815301076,1909f56bfc062723c751e8b465ee728b)
Start importing Assets/LevelSelect.unity using Guid(e17b63351fc7b48409581e7eabc7a48d) Importer(815301076,1909f56bfc062723c751e8b465ee728b)  -> (artifact id: 'c176e1294ad684b455b44976ed8a7f68') in 0.009876 seconds 
  Import took 0.016317 seconds .

========================================================================
Received Import Request.
  Time since last request: 0.000607 seconds.
  path: Assets/Untitled-1.psd
  artifactKey: Guid(5c49b979dcc6f484fa21c8fb952f4c24) Importer(815301076,1909f56bfc062723c751e8b465ee728b)
Start importing Assets/Untitled-1.psd using Guid(5c49b979dcc6f484fa21c8fb952f4c24) Importer(815301076,1909f56bfc062723c751e8b465ee728b)  -> (artifact id: '04588a178e861733fe76f9f416402a7e') in 0.032782 seconds 
  Import took 0.040659 seconds .

========================================================================
Received Import Request.
  Time since last request: 0.000591 seconds.
  path: Assets/Gold.asset
  artifactKey: Guid(b290e47e005c50544b194d9c05284eea) Importer(815301076,1909f56bfc062723c751e8b465ee728b)
Start importing Assets/Gold.asset using Guid(b290e47e005c50544b194d9c05284eea) Importer(815301076,1909f56bfc062723c751e8b465ee728b)  -> (artifact id: 'def659d9e45f1da7a6dceca818e5e8e9') in 0.016111 seconds 
  Import took 0.023119 seconds .

========================================================================
Received Import Request.
  Time since last request: 0.001736 seconds.
  path: Assets/Level02map.psd
  artifactKey: Guid(d13edd73096abe94db11944c01d38fd4) Importer(815301076,1909f56bfc062723c751e8b465ee728b)
Start importing Assets/Level02map.psd using Guid(d13edd73096abe94db11944c01d38fd4) Importer(815301076,1909f56bfc062723c751e8b465ee728b)  -> (artifact id: '285d2597e045d434d663041afce77105') in 0.032931 seconds 
  Import took 0.041066 seconds .

========================================================================
Received Import Request.
  Time since last request: 0.000486 seconds.
  path: Assets/JnRLayer01.png
  artifactKey: Guid(3c37c5bbed415674a8f6ca181e09c237) Importer(815301076,1909f56bfc062723c751e8b465ee728b)
Start importing Assets/JnRLayer01.png using Guid(3c37c5bbed415674a8f6ca181e09c237) Importer(815301076,1909f56bfc062723c751e8b465ee728b)  -> (artifact id: '732e3ad52ed28281a5cd45a5f9920574') in 0.128263 seconds 
  Import took 0.135080 seconds .

========================================================================
Received Import Request.
  Time since last request: 0.021857 seconds.
  path: Assets/2D Platformer.unity
  artifactKey: Guid(522f2be7c723cd84ca88ab581fbc47bc) Importer(815301076,1909f56bfc062723c751e8b465ee728b)
Start importing Assets/2D Platformer.unity using Guid(522f2be7c723cd84ca88ab581fbc47bc) Importer(815301076,1909f56bfc062723c751e8b465ee728b)  -> (artifact id: '3aca1740db7542bd0b086b840cbdccc3') in 0.007013 seconds 
  Import took 0.016579 seconds .

========================================================================
Received Import Request.
  Time since last request: 89.052152 seconds.
  path: Assets/Level02.unity
  artifactKey: Guid(ee5ca067e88c8de41bd39f7d68c1dd02) Importer(815301076,1909f56bfc062723c751e8b465ee728b)
Start importing Assets/Level02.unity using Guid(ee5ca067e88c8de41bd39f7d68c1dd02) Importer(815301076,1909f56bfc062723c751e8b465ee728b)  -> (artifact id: 'f1a567a853f6d124f4b1338b706e9a71') in 0.009833 seconds 
  Import took 0.016670 seconds .

========================================================================
Received Import Request.
  Time since last request: 69.792673 seconds.
  path: Assets/Level03.unity
  artifactKey: Guid(7654626bbeb3c084a8821478f01f7d19) Importer(815301076,1909f56bfc062723c751e8b465ee728b)
Start importing Assets/Level03.unity using Guid(7654626bbeb3c084a8821478f01f7d19) Importer(815301076,1909f56bfc062723c751e8b465ee728b)  -> (artifact id: 'cf0b588131ad31baeb429d1931726987') in 0.008391 seconds 
  Import took 0.014869 seconds .

========================================================================
Received Import Request.
  Time since last request: 6.955733 seconds.
  path: Assets/Level04.unity
  artifactKey: Guid(effb5228acb2d404fab4db2bfdb092ed) Importer(815301076,1909f56bfc062723c751e8b465ee728b)
Start importing Assets/Level04.unity using Guid(effb5228acb2d404fab4db2bfdb092ed) Importer(815301076,1909f56bfc062723c751e8b465ee728b)  -> (artifact id: '7b98586f1818fd28202eb29eee8c8cc6') in 0.009847 seconds 
  Import took 0.019835 seconds .

========================================================================
Received Import Request.
  Time since last request: 4.937491 seconds.
  path: Assets/Level05.unity
  artifactKey: Guid(64ef76f329660594cb3b7b0e8201d244) Importer(815301076,1909f56bfc062723c751e8b465ee728b)
Start importing Assets/Level05.unity using Guid(64ef76f329660594cb3b7b0e8201d244) Importer(815301076,1909f56bfc062723c751e8b465ee728b)  -> (artifact id: 'dd429d77eed5be9ec72ad1c454ec5083') in 0.009526 seconds 
  Import took 0.016987 seconds .

========================================================================
Received Import Request.
  Time since last request: 10.230887 seconds.
  path: Assets/Shop.unity
  artifactKey: Guid(10c1b3d2ab42e59429b97c20ad012a83) Importer(815301076,1909f56bfc062723c751e8b465ee728b)
Start importing Assets/Shop.unity using Guid(10c1b3d2ab42e59429b97c20ad012a83) Importer(815301076,1909f56bfc062723c751e8b465ee728b)  -> (artifact id: '1840cd26ae6de4d2635766940cc3149c') in 0.008886 seconds 
  Import took 0.015807 seconds .

========================================================================
Received Prepare
Registering precompiled user dll's ...
Registered in 0.009690 seconds.
Begin MonoManager ReloadAssembly
Native extension for WindowsStandalone target not found
Refreshing native plugins compatible for Editor in 2.47 ms, found 2 plugins.
Preloading 0 native plugins for Editor in 0.00 ms.
Mono: successfully reloaded assembly
- Completed reload, in  7.710 seconds
Domain Reload Profiling:
	ReloadAssembly (7711ms)
		BeginReloadAssembly (229ms)
			ExecutionOrderSort (0ms)
			DisableScriptedObjects (12ms)
			BackupInstance (0ms)
			ReleaseScriptingObjects (0ms)
			CreateAndSetChildDomain (61ms)
		EndReloadAssembly (7336ms)
			LoadAssemblies (195ms)
			RebuildTransferFunctionScriptingTraits (0ms)
			SetupTypeCache (576ms)
			ReleaseScriptCaches (2ms)
			RebuildScriptCaches (98ms)
			SetupLoadedEditorAssemblies (6229ms)
				LogAssemblyErrors (0ms)
				InitializePlatformSupportModulesInManaged (12ms)
				SetLoadedEditorAssemblies (1ms)
				RefreshPlugins (3ms)
				BeforeProcessingInitializeOnLoad (133ms)
				ProcessInitializeOnLoadAttributes (6061ms)
				ProcessInitializeOnLoadMethodAttributes (8ms)
				AfterProcessingInitializeOnLoad (11ms)
				EditorAssembliesLoaded (1ms)
			ExecutionOrderSort2 (0ms)
			AwakeInstancesAfterBackupRestoration (14ms)
Platform modules already initialized, skipping
Switching build target platform(19) subTarget(0) extendedPlatform(0) -> platform(13) subTarget(589824) extendedPlatform(0)
Refreshing native plugins compatible for Editor in 3.94 ms, found 2 plugins.
Preloading 0 native plugins for Editor in 0.00 ms.
Unloading 1656 Unused Serialized files (Serialized files now loaded: 0)
System memory in use before: 76.4 MB.
System memory in use after: 76.5 MB.

Unloading 115 unused Assets to reduce memory usage. Loaded Objects now: 2019.
Total: 5.568500 ms (FindLiveObjects: 0.347700 ms CreateObjectMapping: 0.196500 ms MarkObjects: 4.945500 ms  DeleteObjects: 0.075100 ms)

AssetImportParameters requested are different than current active one (requested -> active):
  custom:framework-win-MediaFoundation: 216162199b28c13a410421893ffa2e32 -> 
  custom:video-decoder-ogg-theora: a1e56fd34408186e4bbccfd4996cb3dc -> 
  custom:container-muxer-webm: aa71ff27fc2769a1b78a27578f13a17b -> 
  custom:container-demuxer-webm: 4f35f7cbe854078d1ac9338744f61a02 -> 
  custom:container-demuxer-ogg: 62fdf1f143b41e24485cea50d1cbac27 -> 
  custom:video-encoder-webm-vp8: eb34c28f22e8b96e1ab97ce403110664 -> 
  custom:video-decoder-webm-vp8: 9c59270c3fd7afecdb556c50c9e8de78 -> 
  custom:graphics/normal-map-encoding: 01000000000000000000000000000000 -> 02000000000000000000000000000000
  custom:audio-decoder-ogg-vorbis: bf7c407c2cedff20999df2af8eb42d56 -> 
  custom:audio-encoder-webm-vorbis: bf7c407c2cedff20999df2af8eb42d56 -> 
========================================================================
Received Prepare
Registering precompiled user dll's ...
Registered in 0.011473 seconds.
Begin MonoManager ReloadAssembly
Native extension for WindowsStandalone target not found
Refreshing native plugins compatible for Editor in 2.15 ms, found 2 plugins.
Preloading 0 native plugins for Editor in 0.00 ms.
Mono: successfully reloaded assembly
- Completed reload, in  6.880 seconds
Domain Reload Profiling:
	ReloadAssembly (6881ms)
		BeginReloadAssembly (214ms)
			ExecutionOrderSort (0ms)
			DisableScriptedObjects (8ms)
			BackupInstance (0ms)
			ReleaseScriptingObjects (0ms)
			CreateAndSetChildDomain (61ms)
		EndReloadAssembly (6526ms)
			LoadAssemblies (190ms)
			RebuildTransferFunctionScriptingTraits (0ms)
			SetupTypeCache (601ms)
			ReleaseScriptCaches (2ms)
			RebuildScriptCaches (94ms)
			SetupLoadedEditorAssemblies (5378ms)
				LogAssemblyErrors (0ms)
				InitializePlatformSupportModulesInManaged (11ms)
				SetLoadedEditorAssemblies (1ms)
				RefreshPlugins (2ms)
				BeforeProcessingInitializeOnLoad (128ms)
				ProcessInitializeOnLoadAttributes (5216ms)
				ProcessInitializeOnLoadMethodAttributes (8ms)
				AfterProcessingInitializeOnLoad (11ms)
				EditorAssembliesLoaded (1ms)
			ExecutionOrderSort2 (0ms)
			AwakeInstancesAfterBackupRestoration (14ms)
Platform modules already initialized, skipping
Switching build target platform(19) subTarget(0) extendedPlatform(0) -> platform(13) subTarget(589824) extendedPlatform(0)
Refreshing native plugins compatible for Editor in 2.33 ms, found 2 plugins.
Preloading 0 native plugins for Editor in 0.00 ms.
Unloading 1656 Unused Serialized files (Serialized files now loaded: 0)
System memory in use before: 76.4 MB.
System memory in use after: 76.5 MB.

Unloading 115 unused Assets to reduce memory usage. Loaded Objects now: 2021.
Total: 5.642800 ms (FindLiveObjects: 0.245900 ms CreateObjectMapping: 0.118500 ms MarkObjects: 5.185700 ms  DeleteObjects: 0.090700 ms)

AssetImportParameters requested are different than current active one (requested -> active):
  custom:framework-win-MediaFoundation: 216162199b28c13a410421893ffa2e32 -> 
  custom:video-decoder-ogg-theora: a1e56fd34408186e4bbccfd4996cb3dc -> 
  custom:container-muxer-webm: aa71ff27fc2769a1b78a27578f13a17b -> 
  custom:container-demuxer-webm: 4f35f7cbe854078d1ac9338744f61a02 -> 
  custom:container-demuxer-ogg: 62fdf1f143b41e24485cea50d1cbac27 -> 
  custom:video-encoder-webm-vp8: eb34c28f22e8b96e1ab97ce403110664 -> 
  custom:video-decoder-webm-vp8: 9c59270c3fd7afecdb556c50c9e8de78 -> 
  custom:graphics/normal-map-encoding: 01000000000000000000000000000000 -> 02000000000000000000000000000000
  custom:audio-decoder-ogg-vorbis: bf7c407c2cedff20999df2af8eb42d56 -> 
  custom:audio-encoder-webm-vorbis: bf7c407c2cedff20999df2af8eb42d56 -> 
========================================================================
Received Prepare
Registering precompiled user dll's ...
Registered in 0.018469 seconds.
Begin MonoManager ReloadAssembly
Native extension for WindowsStandalone target not found
Refreshing native plugins compatible for Editor in 2.59 ms, found 2 plugins.
Preloading 0 native plugins for Editor in 0.00 ms.
Mono: successfully reloaded assembly
- Completed reload, in  6.815 seconds
Domain Reload Profiling:
	ReloadAssembly (6816ms)
		BeginReloadAssembly (230ms)
			ExecutionOrderSort (0ms)
			DisableScriptedObjects (10ms)
			BackupInstance (0ms)
			ReleaseScriptingObjects (0ms)
			CreateAndSetChildDomain (64ms)
		EndReloadAssembly (6446ms)
			LoadAssemblies (227ms)
			RebuildTransferFunctionScriptingTraits (0ms)
			SetupTypeCache (620ms)
			ReleaseScriptCaches (2ms)
			RebuildScriptCaches (117ms)
			SetupLoadedEditorAssemblies (5223ms)
				LogAssemblyErrors (0ms)
				InitializePlatformSupportModulesInManaged (11ms)
				SetLoadedEditorAssemblies (1ms)
				RefreshPlugins (3ms)
				BeforeProcessingInitializeOnLoad (122ms)
				ProcessInitializeOnLoadAttributes (5065ms)
				ProcessInitializeOnLoadMethodAttributes (8ms)
				AfterProcessingInitializeOnLoad (12ms)
				EditorAssembliesLoaded (1ms)
			ExecutionOrderSort2 (0ms)
			AwakeInstancesAfterBackupRestoration (14ms)
Platform modules already initialized, skipping
Switching build target platform(19) subTarget(0) extendedPlatform(0) -> platform(13) subTarget(589824) extendedPlatform(0)
Refreshing native plugins compatible for Editor in 2.52 ms, found 2 plugins.
Preloading 0 native plugins for Editor in 0.00 ms.
Unloading 1656 Unused Serialized files (Serialized files now loaded: 0)
System memory in use before: 76.5 MB.
System memory in use after: 76.6 MB.

Unloading 115 unused Assets to reduce memory usage. Loaded Objects now: 2023.
Total: 5.820400 ms (FindLiveObjects: 0.207700 ms CreateObjectMapping: 0.084200 ms MarkObjects: 5.451500 ms  DeleteObjects: 0.075000 ms)

AssetImportParameters requested are different than current active one (requested -> active):
  custom:framework-win-MediaFoundation: 216162199b28c13a410421893ffa2e32 -> 
  custom:video-decoder-ogg-theora: a1e56fd34408186e4bbccfd4996cb3dc -> 
  custom:container-muxer-webm: aa71ff27fc2769a1b78a27578f13a17b -> 
  custom:container-demuxer-webm: 4f35f7cbe854078d1ac9338744f61a02 -> 
  custom:container-demuxer-ogg: 62fdf1f143b41e24485cea50d1cbac27 -> 
  custom:video-encoder-webm-vp8: eb34c28f22e8b96e1ab97ce403110664 -> 
  custom:video-decoder-webm-vp8: 9c59270c3fd7afecdb556c50c9e8de78 -> 
  custom:graphics/normal-map-encoding: 01000000000000000000000000000000 -> 02000000000000000000000000000000
  custom:audio-decoder-ogg-vorbis: bf7c407c2cedff20999df2af8eb42d56 -> 
  custom:audio-encoder-webm-vorbis: bf7c407c2cedff20999df2af8eb42d56 -> 
========================================================================
Received Import Request.
  Time since last request: 697.358600 seconds.
  path: Assets/Sprites/layer_06_1920 x 1080.png
  artifactKey: Guid(aa668e2b3fc4d3443b6fd0336d8d6d0f) Importer(815301076,1909f56bfc062723c751e8b465ee728b)
Start importing Assets/Sprites/layer_06_1920 x 1080.png using Guid(aa668e2b3fc4d3443b6fd0336d8d6d0f) Importer(815301076,1909f56bfc062723c751e8b465ee728b)  -> (artifact id: '774f3b727ea1295eaca6f0c8d6ad3818') in 0.191062 seconds 
  Import took 0.199074 seconds .

========================================================================
Received Import Request.
  Time since last request: 0.000683 seconds.
  path: Assets/Sprites/Window.png
  artifactKey: Guid(e1f4ece246f40744f90fad1062a4431d) Importer(815301076,1909f56bfc062723c751e8b465ee728b)
Start importing Assets/Sprites/Window.png using Guid(e1f4ece246f40744f90fad1062a4431d) Importer(815301076,1909f56bfc062723c751e8b465ee728b)  -> (artifact id: '46a01103857c0040b30ef7e4eaf127f1') in 0.528510 seconds 
  Import took 0.535550 seconds .

========================================================================
Received Import Request.
  Time since last request: 0.000584 seconds.
  path: Assets/Sprites/Switch (1).png
  artifactKey: Guid(cb102bf360885ed4baab3dc00719fcf0) Importer(815301076,1909f56bfc062723c751e8b465ee728b)
Start importing Assets/Sprites/Switch (1).png using Guid(cb102bf360885ed4baab3dc00719fcf0) Importer(815301076,1909f56bfc062723c751e8b465ee728b)  -> (artifact id: '0239eea1d2debec7dabf55366facd08a') in 0.022360 seconds 
  Import took 0.028584 seconds .

========================================================================
Received Import Request.
  Time since last request: 0.000804 seconds.
  path: Assets/Sprites/Switch (2).png
  artifactKey: Guid(e1b9cefbb6321be4792bd8f09e0afa54) Importer(815301076,1909f56bfc062723c751e8b465ee728b)
Start importing Assets/Sprites/Switch (2).png using Guid(e1b9cefbb6321be4792bd8f09e0afa54) Importer(815301076,1909f56bfc062723c751e8b465ee728b)  -> (artifact id: 'b9d70b2e4fddb4c873712ba7c1d99b17') in 0.031403 seconds 
  Import took 0.038942 seconds .

========================================================================
Received Import Request.
  Time since last request: 0.000581 seconds.
  path: Assets/Sprites/layer_07_1920 x 1080.png
  artifactKey: Guid(4e88bf18620e21a4e885c83c0f144a84) Importer(815301076,1909f56bfc062723c751e8b465ee728b)
Start importing Assets/Sprites/layer_07_1920 x 1080.png using Guid(4e88bf18620e21a4e885c83c0f144a84) Importer(815301076,1909f56bfc062723c751e8b465ee728b)  -> (artifact id: '34808ea1e1c5c4dc63c3b143cd6caa2a') in 0.046608 seconds 
  Import took 0.053076 seconds .

========================================================================
Received Import Request.
  Time since last request: 0.000410 seconds.
  path: Assets/Sprites/tilesetOpenGameBackground.png
  artifactKey: Guid(fe97f05d3d810c14b91119f67989fd88) Importer(815301076,1909f56bfc062723c751e8b465ee728b)
Start importing Assets/Sprites/tilesetOpenGameBackground.png using Guid(fe97f05d3d810c14b91119f67989fd88) Importer(815301076,1909f56bfc062723c751e8b465ee728b)  -> (artifact id: '0c7b43f8bcf42606eef05d19363962b6') in 0.043484 seconds 
  Import took 0.051398 seconds .

========================================================================
Received Import Request.
  Time since last request: 97.379052 seconds.
  path: Assets/Scripts/ActivateTextAtLine.cs
  artifactKey: Guid(da4435bae2b9fc0499dc84999e8da3ac) Importer(815301076,1909f56bfc062723c751e8b465ee728b)
Start importing Assets/Scripts/ActivateTextAtLine.cs using Guid(da4435bae2b9fc0499dc84999e8da3ac) Importer(815301076,1909f56bfc062723c751e8b465ee728b)  -> (artifact id: '1b521a30e7545c31a0228d4b672fdec9') in 0.071152 seconds 
  Import took 0.077843 seconds .

========================================================================
Received Import Request.
  Time since last request: 113.143735 seconds.
  path: Assets/Sprites/ninjaadventurenew/png/Attack__004.png
  artifactKey: Guid(0dec2c6c930c1434aa44aef4ae6c2419) Importer(815301076,1909f56bfc062723c751e8b465ee728b)
Start importing Assets/Sprites/ninjaadventurenew/png/Attack__004.png using Guid(0dec2c6c930c1434aa44aef4ae6c2419) Importer(815301076,1909f56bfc062723c751e8b465ee728b)  -> (artifact id: '8f52e797f053f00125bcb21d2979b3fc') in 0.042173 seconds 
  Import took 0.049295 seconds .

========================================================================
Received Prepare
Registering precompiled user dll's ...
Registered in 0.009480 seconds.
Begin MonoManager ReloadAssembly
Native extension for WindowsStandalone target not found
Refreshing native plugins compatible for Editor in 2.55 ms, found 2 plugins.
Preloading 0 native plugins for Editor in 0.00 ms.
Mono: successfully reloaded assembly
- Completed reload, in  6.728 seconds
Domain Reload Profiling:
	ReloadAssembly (6730ms)
		BeginReloadAssembly (237ms)
			ExecutionOrderSort (0ms)
			DisableScriptedObjects (10ms)
			BackupInstance (0ms)
			ReleaseScriptingObjects (0ms)
			CreateAndSetChildDomain (79ms)
		EndReloadAssembly (6356ms)
			LoadAssemblies (200ms)
			RebuildTransferFunctionScriptingTraits (0ms)
			SetupTypeCache (553ms)
			ReleaseScriptCaches (2ms)
			RebuildScriptCaches (100ms)
			SetupLoadedEditorAssemblies (5229ms)
				LogAssemblyErrors (0ms)
				InitializePlatformSupportModulesInManaged (10ms)
				SetLoadedEditorAssemblies (1ms)
				RefreshPlugins (3ms)
				BeforeProcessingInitializeOnLoad (127ms)
				ProcessInitializeOnLoadAttributes (5065ms)
				ProcessInitializeOnLoadMethodAttributes (10ms)
				AfterProcessingInitializeOnLoad (12ms)
				EditorAssembliesLoaded (1ms)
			ExecutionOrderSort2 (0ms)
			AwakeInstancesAfterBackupRestoration (14ms)
Platform modules already initialized, skipping
Switching build target platform(19) subTarget(0) extendedPlatform(0) -> platform(13) subTarget(589824) extendedPlatform(0)
Refreshing native plugins compatible for Editor in 2.50 ms, found 2 plugins.
Preloading 0 native plugins for Editor in 0.00 ms.
Unloading 1813 Unused Serialized files (Serialized files now loaded: 0)
System memory in use before: 80.5 MB.
System memory in use after: 80.6 MB.

Unloading 138 unused Assets to reduce memory usage. Loaded Objects now: 2275.
Total: 6.536700 ms (FindLiveObjects: 0.304400 ms CreateObjectMapping: 0.096300 ms MarkObjects: 5.983200 ms  DeleteObjects: 0.149500 ms)

AssetImportParameters requested are different than current active one (requested -> active):
  custom:framework-win-MediaFoundation: 216162199b28c13a410421893ffa2e32 -> 
  custom:video-decoder-ogg-theora: a1e56fd34408186e4bbccfd4996cb3dc -> 
  custom:container-muxer-webm: aa71ff27fc2769a1b78a27578f13a17b -> 
  custom:container-demuxer-webm: 4f35f7cbe854078d1ac9338744f61a02 -> 
  custom:container-demuxer-ogg: 62fdf1f143b41e24485cea50d1cbac27 -> 
  custom:video-encoder-webm-vp8: eb34c28f22e8b96e1ab97ce403110664 -> 
  custom:video-decoder-webm-vp8: 9c59270c3fd7afecdb556c50c9e8de78 -> 
  custom:graphics/normal-map-encoding: 01000000000000000000000000000000 -> 02000000000000000000000000000000
  custom:audio-decoder-ogg-vorbis: bf7c407c2cedff20999df2af8eb42d56 -> 
  custom:audio-encoder-webm-vorbis: bf7c407c2cedff20999df2af8eb42d56 -> 
========================================================================
Received Import Request.
  Time since last request: 792.275819 seconds.
  path: Assets/GoogleMobileAds/Resources/GoogleMobileAdsSettings.asset
  artifactKey: Guid(e62c46d592f947246827f67286980141) Importer(815301076,1909f56bfc062723c751e8b465ee728b)
Start importing Assets/GoogleMobileAds/Resources/GoogleMobileAdsSettings.asset using Guid(e62c46d592f947246827f67286980141) Importer(815301076,1909f56bfc062723c751e8b465ee728b)  -> (artifact id: '1232151cf7c753e2e2d148297c90c447') in 0.038201 seconds 
  Import took 0.047564 seconds .

========================================================================
Received Import Request.
  Time since last request: 8.764374 seconds.
  path: Assets/GoogleMobileAds/Resources/GoogleMobileAdsSettings.asset
  artifactKey: Guid(e62c46d592f947246827f67286980141) Importer(815301076,1909f56bfc062723c751e8b465ee728b)
Start importing Assets/GoogleMobileAds/Resources/GoogleMobileAdsSettings.asset using Guid(e62c46d592f947246827f67286980141) Importer(815301076,1909f56bfc062723c751e8b465ee728b)  -> (artifact id: '8947d0ab5bc98f6618225d0dcec7aa55') in 0.009609 seconds 
  Import took 0.021611 seconds .

========================================================================
Received Import Request.
  Time since last request: 2.541707 seconds.
  path: Assets/GoogleMobileAds/Resources/GoogleMobileAdsSettings.asset
  artifactKey: Guid(e62c46d592f947246827f67286980141) Importer(815301076,1909f56bfc062723c751e8b465ee728b)
Start importing Assets/GoogleMobileAds/Resources/GoogleMobileAdsSettings.asset using Guid(e62c46d592f947246827f67286980141) Importer(815301076,1909f56bfc062723c751e8b465ee728b)  -> (artifact id: 'fc86ef20b4cbef86503bba4aa742366f') in 0.013022 seconds 
  Import took 0.022034 seconds .

========================================================================
Received Import Request.
  Time since last request: 13.935553 seconds.
  path: Assets/GoogleMobileAds/Resources/GoogleMobileAdsSettings.asset
  artifactKey: Guid(e62c46d592f947246827f67286980141) Importer(815301076,1909f56bfc062723c751e8b465ee728b)
Start importing Assets/GoogleMobileAds/Resources/GoogleMobileAdsSettings.asset using Guid(e62c46d592f947246827f67286980141) Importer(815301076,1909f56bfc062723c751e8b465ee728b)  -> (artifact id: 'a7d03260261901872e222e0157f1306a') in 0.015007 seconds 
  Import took 0.026215 seconds .

========================================================================
Received Prepare
Refreshing native plugins compatible for Editor in 71.07 ms, found 2 plugins.
Preloading 0 native plugins for Editor in 0.00 ms.
Unloading 137 Unused Serialized files (Serialized files now loaded: 0)
System memory in use before: 47.6 MB.
System memory in use after: 47.7 MB.

Unloading 136 unused Assets to reduce memory usage. Loaded Objects now: 2275.
Total: 6.102200 ms (FindLiveObjects: 0.283100 ms CreateObjectMapping: 0.095700 ms MarkObjects: 5.631400 ms  DeleteObjects: 0.089500 ms)

AssetImportParameters requested are different than current active one (requested -> active):
  custom:framework-win-MediaFoundation: 216162199b28c13a410421893ffa2e32 -> 
  custom:video-decoder-ogg-theora: a1e56fd34408186e4bbccfd4996cb3dc -> 
  custom:container-muxer-webm: aa71ff27fc2769a1b78a27578f13a17b -> 
  custom:container-demuxer-webm: 4f35f7cbe854078d1ac9338744f61a02 -> 
  custom:container-demuxer-ogg: 62fdf1f143b41e24485cea50d1cbac27 -> 
  custom:video-encoder-webm-vp8: eb34c28f22e8b96e1ab97ce403110664 -> 
  custom:video-decoder-webm-vp8: 9c59270c3fd7afecdb556c50c9e8de78 -> 
  custom:audio-decoder-ogg-vorbis: bf7c407c2cedff20999df2af8eb42d56 -> 
  custom:audio-encoder-webm-vorbis: bf7c407c2cedff20999df2af8eb42d56 -> 
